<?xml version="1.0" encoding="UTF-8"?>
<!-- Generated by org.testng.reporters.JUnitReportReporter -->
<testsuite skipped="0" hostname="LAPTOP-DS4ESSB9" name="BasicProgramTest.Program1Test" tests="1" failures="0" timestamp="30 May 2022 10:21:48 GMT" time="0.088" errors="0">
  <testcase name="programtest" time="0.088" classname="BasicProgramTest.Program1Test"/>
</testsuite> <!-- BasicProgramTest.Program1Test -->
