<?xml version="1.0" encoding="UTF-8"?>
<!-- Generated by org.testng.reporters.JUnitReportReporter -->
<testsuite skipped="0" hostname="LAPTOP-DS4ESSB9" name="BasicProgramTest.Program2Test" tests="1" failures="0" timestamp="30 May 2022 10:21:48 GMT" time="0.001" errors="0">
  <testcase name="employesname" time="0.001" classname="BasicProgramTest.Program2Test"/>
</testsuite> <!-- BasicProgramTest.Program2Test -->
